{"/home/zoruka/fleek/sonic-js/dist/tests/mocks/pair.js": {"path":"/home/zoruka/fleek/sonic-js/dist/tests/mocks/pair.js","statementMap":{"0":{"start":{"line":2,"column":0},"end":{"line":2,"column":62}},"1":{"start":{"line":3,"column":0},"end":{"line":3,"column":26}},"2":{"start":{"line":4,"column":20},"end":{"line":4,"column":49}},"3":{"start":{"line":5,"column":17},"end":{"line":22,"column":1}},"4":{"start":{"line":6,"column":4},"end":{"line":21,"column":6}},"5":{"start":{"line":23,"column":0},"end":{"line":23,"column":28}}},"fnMap":{"0":{"name":"(anonymous_0)","decl":{"start":{"line":5,"column":17},"end":{"line":5,"column":18}},"loc":{"start":{"line":5,"column":173},"end":{"line":22,"column":1}},"line":5}},"branchMap":{"0":{"loc":{"start":{"line":5,"column":18},"end":{"line":5,"column":168}},"type":"default-arg","locations":[{"start":{"line":5,"column":166},"end":{"line":5,"column":168}}],"line":5},"1":{"loc":{"start":{"line":7,"column":12},"end":{"line":7,"column":33}},"type":"binary-expr","locations":[{"start":{"line":7,"column":12},"end":{"line":7,"column":14}},{"start":{"line":7,"column":18},"end":{"line":7,"column":33}}],"line":7},"2":{"loc":{"start":{"line":8,"column":30},"end":{"line":8,"column":100}},"type":"binary-expr","locations":[{"start":{"line":8,"column":30},"end":{"line":8,"column":50}},{"start":{"line":8,"column":54},"end":{"line":8,"column":100}}],"line":8},"3":{"loc":{"start":{"line":9,"column":17},"end":{"line":10,"column":109}},"type":"binary-expr","locations":[{"start":{"line":9,"column":17},"end":{"line":9,"column":24}},{"start":{"line":10,"column":12},"end":{"line":10,"column":109}}],"line":9},"4":{"loc":{"start":{"line":11,"column":18},"end":{"line":11,"column":58}},"type":"binary-expr","locations":[{"start":{"line":11,"column":18},"end":{"line":11,"column":26}},{"start":{"line":11,"column":30},"end":{"line":11,"column":58}}],"line":11},"5":{"loc":{"start":{"line":12,"column":18},"end":{"line":12,"column":53}},"type":"binary-expr","locations":[{"start":{"line":12,"column":18},"end":{"line":12,"column":26}},{"start":{"line":12,"column":30},"end":{"line":12,"column":53}}],"line":12},"6":{"loc":{"start":{"line":13,"column":17},"end":{"line":13,"column":85}},"type":"binary-expr","locations":[{"start":{"line":13,"column":17},"end":{"line":13,"column":24}},{"start":{"line":13,"column":28},"end":{"line":13,"column":85}}],"line":13},"7":{"loc":{"start":{"line":14,"column":21},"end":{"line":14,"column":61}},"type":"binary-expr","locations":[{"start":{"line":14,"column":21},"end":{"line":14,"column":32}},{"start":{"line":14,"column":36},"end":{"line":14,"column":61}}],"line":14},"8":{"loc":{"start":{"line":15,"column":16},"end":{"line":15,"column":55}},"type":"binary-expr","locations":[{"start":{"line":15,"column":16},"end":{"line":15,"column":22}},{"start":{"line":15,"column":26},"end":{"line":15,"column":55}}],"line":15},"9":{"loc":{"start":{"line":16,"column":16},"end":{"line":16,"column":55}},"type":"binary-expr","locations":[{"start":{"line":16,"column":16},"end":{"line":16,"column":22}},{"start":{"line":16,"column":26},"end":{"line":16,"column":55}}],"line":16},"10":{"loc":{"start":{"line":17,"column":30},"end":{"line":18,"column":68}},"type":"binary-expr","locations":[{"start":{"line":17,"column":30},"end":{"line":17,"column":50}},{"start":{"line":18,"column":12},"end":{"line":18,"column":68}}],"line":17},"11":{"loc":{"start":{"line":19,"column":15},"end":{"line":19,"column":35}},"type":"binary-expr","locations":[{"start":{"line":19,"column":15},"end":{"line":19,"column":20}},{"start":{"line":19,"column":24},"end":{"line":19,"column":35}}],"line":19},"12":{"loc":{"start":{"line":20,"column":28},"end":{"line":20,"column":79}},"type":"binary-expr","locations":[{"start":{"line":20,"column":28},"end":{"line":20,"column":46}},{"start":{"line":20,"column":50},"end":{"line":20,"column":79}}],"line":20}},"s":{"0":1,"1":1,"2":1,"3":1,"4":2,"5":1},"f":{"0":2},"b":{"0":[0],"1":[2,2],"2":[2,2],"3":[2,2],"4":[2,0],"5":[2,0],"6":[2,2],"7":[2,0],"8":[2,2],"9":[2,2],"10":[2,2],"11":[2,2],"12":[2,2]},"inputSourceMap":null,"_coverageSchema":"1a1c01bbd47fc00a2c39e90264f33305004495a9","hash":"221a0d17e3b99a076b029eebf35ea92b4a593db4"}
,"/home/zoruka/fleek/sonic-js/src/index.ts": {"path":"/home/zoruka/fleek/sonic-js/src/index.ts","statementMap":{"0":{"start":{"line":1,"column":0},"end":{"line":1,"column":37}},"1":{"start":{"line":3,"column":0},"end":{"line":3,"column":79}},"2":{"start":{"line":5,"column":0},"end":{"line":5,"column":31}},"3":{"start":{"line":6,"column":0},"end":{"line":6,"column":24}},"4":{"start":{"line":7,"column":0},"end":{"line":7,"column":23}}},"fnMap":{},"branchMap":{},"s":{"0":6,"1":6,"2":6,"3":6,"4":6},"f":{},"b":{}}
,"/home/zoruka/fleek/sonic-js/src/declarations/default.ts": {"path":"/home/zoruka/fleek/sonic-js/src/declarations/default.ts","statementMap":{"0":{"start":{"line":1,"column":13},"end":{"line":4,"column":2}}},"fnMap":{},"branchMap":{},"s":{"0":13},"f":{},"b":{}}
,"/home/zoruka/fleek/sonic-js/src/declarations/index.ts": {"path":"/home/zoruka/fleek/sonic-js/src/declarations/index.ts","statementMap":{"0":{"start":{"line":1,"column":0},"end":{"line":1,"column":24}},"1":{"start":{"line":2,"column":0},"end":{"line":2,"column":22}},"2":{"start":{"line":3,"column":0},"end":{"line":3,"column":23}},"3":{"start":{"line":4,"column":0},"end":{"line":4,"column":26}},"4":{"start":{"line":5,"column":0},"end":{"line":5,"column":24}}},"fnMap":{},"branchMap":{},"s":{"0":13,"1":13,"2":13,"3":13,"4":13},"f":{},"b":{}}
,"/home/zoruka/fleek/sonic-js/src/declarations/did/index.ts": {"path":"/home/zoruka/fleek/sonic-js/src/declarations/did/index.ts","statementMap":{"0":{"start":{"line":1,"column":0},"end":{"line":1,"column":23}},"1":{"start":{"line":2,"column":0},"end":{"line":2,"column":24}}},"fnMap":{},"branchMap":{},"s":{"0":13,"1":13},"f":{},"b":{}}
,"/home/zoruka/fleek/sonic-js/src/declarations/did/swap.ts": {"path":"/home/zoruka/fleek/sonic-js/src/declarations/did/swap.ts","statementMap":{"0":{"start":{"line":4,"column":0},"end":{"line":4,"column":13}},"1":{"start":{"line":5,"column":18},"end":{"line":196,"column":4}},"2":{"start":{"line":6,"column":22},"end":{"line":6,"column":65}},"3":{"start":{"line":7,"column":19},"end":{"line":7,"column":63}},"4":{"start":{"line":8,"column":24},"end":{"line":21,"column":6}},"5":{"start":{"line":22,"column":25},"end":{"line":29,"column":6}},"6":{"start":{"line":30,"column":22},"end":{"line":36,"column":6}},"7":{"start":{"line":37,"column":21},"end":{"line":40,"column":6}},"8":{"start":{"line":41,"column":25},"end":{"line":44,"column":6}},"9":{"start":{"line":45,"column":17},"end":{"line":194,"column":6}},"10":{"start":{"line":195,"column":4},"end":{"line":195,"column":16}}},"fnMap":{"0":{"name":"(anonymous_0)","decl":{"start":{"line":5,"column":50},"end":{"line":5,"column":51}},"loc":{"start":{"line":5,"column":62},"end":{"line":196,"column":3}}}},"branchMap":{},"s":{"0":13,"1":13,"2":4,"3":4,"4":4,"5":4,"6":4,"7":4,"8":4,"9":4,"10":4},"f":{"0":4},"b":{}}
,"/home/zoruka/fleek/sonic-js/src/declarations/did/token.ts": {"path":"/home/zoruka/fleek/sonic-js/src/declarations/did/token.ts","statementMap":{"0":{"start":{"line":4,"column":0},"end":{"line":4,"column":13}},"1":{"start":{"line":5,"column":18},"end":{"line":76,"column":4}},"2":{"start":{"line":6,"column":20},"end":{"line":16,"column":6}},"3":{"start":{"line":17,"column":19},"end":{"line":17,"column":61}},"4":{"start":{"line":18,"column":21},"end":{"line":26,"column":6}},"5":{"start":{"line":27,"column":22},"end":{"line":34,"column":6}},"6":{"start":{"line":35,"column":4},"end":{"line":75,"column":7}}},"fnMap":{"0":{"name":"(anonymous_0)","decl":{"start":{"line":5,"column":50},"end":{"line":5,"column":51}},"loc":{"start":{"line":5,"column":62},"end":{"line":76,"column":3}}}},"branchMap":{},"s":{"0":13,"1":13,"2":1,"3":1,"4":1,"5":1,"6":1},"f":{"0":1},"b":{}}
,"/home/zoruka/fleek/sonic-js/src/integrations/index.ts": {"path":"/home/zoruka/fleek/sonic-js/src/integrations/index.ts","statementMap":{"0":{"start":{"line":1,"column":0},"end":{"line":1,"column":24}},"1":{"start":{"line":2,"column":0},"end":{"line":2,"column":32}}},"fnMap":{},"branchMap":{},"s":{"0":6,"1":6},"f":{},"b":{}}
,"/home/zoruka/fleek/sonic-js/src/integrations/actor/adapter.ts": {"path":"/home/zoruka/fleek/sonic-js/src/integrations/actor/adapter.ts","statementMap":{"0":{"start":{"line":1,"column":0},"end":{"line":1,"column":41}},"1":{"start":{"line":2,"column":0},"end":{"line":2,"column":72}},"2":{"start":{"line":4,"column":0},"end":{"line":4,"column":32}},"3":{"start":{"line":14,"column":12},"end":{"line":14,"column":44}},"4":{"start":{"line":15,"column":12},"end":{"line":15,"column":44}},"5":{"start":{"line":28,"column":4},"end":{"line":30,"column":null}},"6":{"start":{"line":29,"column":6},"end":{"line":29,"column":45}},"7":{"start":{"line":34,"column":4},"end":{"line":47,"column":null}},"8":{"start":{"line":35,"column":20},"end":{"line":35,"column":69}},"9":{"start":{"line":37,"column":6},"end":{"line":40,"column":9}},"10":{"start":{"line":42,"column":6},"end":{"line":42,"column":31}},"11":{"start":{"line":43,"column":6},"end":{"line":46,"column":9}},"12":{"start":{"line":49,"column":4},"end":{"line":49,"column":44}},"13":{"start":{"line":50,"column":4},"end":{"line":50,"column":17}},"14":{"start":{"line":57,"column":4},"end":{"line":62,"column":null}},"15":{"start":{"line":58,"column":6},"end":{"line":61,"column":9}},"16":{"start":{"line":10,"column":0},"end":{"line":10,"column":13}},"17":{"start":{"line":11,"column":18},"end":{"line":11,"column":66}}},"fnMap":{"0":{"name":"(anonymous_1)","decl":{"start":{"line":13,"column":2},"end":{"line":13,"column":null}},"loc":{"start":{"line":18,"column":5},"end":{"line":19,"column":6}}},"1":{"name":"(anonymous_2)","decl":{"start":{"line":24,"column":2},"end":{"line":24,"column":7}},"loc":{"start":{"line":26,"column":42},"end":{"line":51,"column":3}}},"2":{"name":"(anonymous_3)","decl":{"start":{"line":56,"column":10},"end":{"line":56,"column":15}},"loc":{"start":{"line":56,"column":27},"end":{"line":63,"column":3}}}},"branchMap":{"0":{"loc":{"start":{"line":15,"column":12},"end":{"line":18,"column":null}},"type":"default-arg","locations":[{"start":{"line":15,"column":44},"end":{"line":18,"column":null}}]},"1":{"loc":{"start":{"line":28,"column":4},"end":{"line":30,"column":null}},"type":"if","locations":[{"start":{"line":28,"column":4},"end":{"line":30,"column":null}}]},"2":{"loc":{"start":{"line":34,"column":4},"end":{"line":47,"column":null}},"type":"if","locations":[{"start":{"line":34,"column":4},"end":{"line":47,"column":null}},{"start":{"line":41,"column":11},"end":{"line":47,"column":null}}]},"3":{"loc":{"start":{"line":57,"column":4},"end":{"line":62,"column":null}},"type":"if","locations":[{"start":{"line":57,"column":4},"end":{"line":62,"column":null}}]},"4":{"loc":{"start":{"line":57,"column":8},"end":{"line":57,"column":48}},"type":"binary-expr","locations":[{"start":{"line":57,"column":8},"end":{"line":57,"column":21}},{"start":{"line":57,"column":25},"end":{"line":57,"column":48}}]},"5":{"loc":{"start":{"line":57,"column":26},"end":{"line":57,"column":46}},"type":"cond-expr","locations":[{"start":{"line":57,"column":39},"end":{"line":57,"column":41}},{"start":{"line":57,"column":39},"end":{"line":57,"column":46}}]},"6":{"loc":{"start":{"line":57,"column":26},"end":{"line":57,"column":41}},"type":"binary-expr","locations":[{"start":{"line":57,"column":26},"end":{"line":57,"column":41}},{"start":{"line":57,"column":39},"end":{"line":57,"column":41}}]},"7":{"loc":{"start":{"line":59,"column":19},"end":{"line":59,"column":42}},"type":"cond-expr","locations":[{"start":{"line":59,"column":31},"end":{"line":59,"column":33}},{"start":{"line":59,"column":31},"end":{"line":59,"column":42}}]},"8":{"loc":{"start":{"line":59,"column":19},"end":{"line":59,"column":33}},"type":"binary-expr","locations":[{"start":{"line":59,"column":19},"end":{"line":59,"column":33}},{"start":{"line":59,"column":31},"end":{"line":59,"column":33}}]}},"s":{"0":6,"1":6,"2":6,"3":7,"4":7,"5":5,"6":0,"7":5,"8":5,"9":5,"10":0,"11":0,"12":5,"13":5,"14":0,"15":0,"16":6,"17":6},"f":{"0":7,"1":5,"2":0},"b":{"0":[7],"1":[0],"2":[5,0],"3":[0],"4":[0,0],"5":[0,0],"6":[0,0],"7":[0,0],"8":[0,0]}}
,"/home/zoruka/fleek/sonic-js/src/integrations/actor/factory.ts": {"path":"/home/zoruka/fleek/sonic-js/src/integrations/actor/factory.ts","statementMap":{"0":{"start":{"line":1,"column":0},"end":{"line":1,"column":60}},"1":{"start":{"line":3,"column":0},"end":{"line":3,"column":33}},"2":{"start":{"line":16,"column":31},"end":{"line":21,"column":1}},"3":{"start":{"line":20,"column":2},"end":{"line":20,"column":63}},"4":{"start":{"line":16,"column":13},"end":{"line":16,"column":31}},"5":{"start":{"line":34,"column":32},"end":{"line":39,"column":1}},"6":{"start":{"line":38,"column":2},"end":{"line":38,"column":64}},"7":{"start":{"line":34,"column":13},"end":{"line":34,"column":32}}},"fnMap":{"0":{"name":"(anonymous_0)","decl":{"start":{"line":16,"column":31},"end":{"line":16,"column":32}},"loc":{"start":{"line":19,"column":54},"end":{"line":21,"column":1}}},"1":{"name":"(anonymous_1)","decl":{"start":{"line":34,"column":32},"end":{"line":34,"column":33}},"loc":{"start":{"line":37,"column":51},"end":{"line":39,"column":1}}}},"branchMap":{"0":{"loc":{"start":{"line":16,"column":32},"end":{"line":19,"column":30}},"type":"default-arg","locations":[{"start":{"line":19,"column":28},"end":{"line":19,"column":30}}]},"1":{"loc":{"start":{"line":17,"column":2},"end":{"line":17,"column":39}},"type":"default-arg","locations":[{"start":{"line":17,"column":15},"end":{"line":17,"column":39}}]},"2":{"loc":{"start":{"line":18,"column":2},"end":{"line":18,"column":35}},"type":"default-arg","locations":[{"start":{"line":18,"column":17},"end":{"line":18,"column":35}}]},"3":{"loc":{"start":{"line":36,"column":2},"end":{"line":36,"column":35}},"type":"default-arg","locations":[{"start":{"line":36,"column":17},"end":{"line":36,"column":35}}]}},"s":{"0":6,"1":6,"2":6,"3":2,"4":6,"5":6,"6":1,"7":6},"f":{"0":2,"1":1},"b":{"0":[2],"1":[2],"2":[2],"3":[1]}}
,"/home/zoruka/fleek/sonic-js/src/integrations/actor/index.ts": {"path":"/home/zoruka/fleek/sonic-js/src/integrations/actor/index.ts","statementMap":{"0":{"start":{"line":1,"column":0},"end":{"line":1,"column":26}},"1":{"start":{"line":2,"column":0},"end":{"line":2,"column":26}}},"fnMap":{},"branchMap":{},"s":{"0":6,"1":6},"f":{},"b":{}}
,"/home/zoruka/fleek/sonic-js/src/integrations/swap-canister/controller.ts": {"path":"/home/zoruka/fleek/sonic-js/src/integrations/swap-canister/controller.ts","statementMap":{"0":{"start":{"line":1,"column":0},"end":{"line":1,"column":61}},"1":{"start":{"line":2,"column":0},"end":{"line":2,"column":56}},"2":{"start":{"line":3,"column":0},"end":{"line":3,"column":39}},"3":{"start":{"line":4,"column":0},"end":{"line":4,"column":47}},"4":{"start":{"line":5,"column":0},"end":{"line":5,"column":49}},"5":{"start":{"line":6,"column":0},"end":{"line":6,"column":65}},"6":{"start":{"line":13,"column":22},"end":{"line":13,"column":42}},"7":{"start":{"line":9,"column":2},"end":{"line":9,"column":46}},"8":{"start":{"line":10,"column":2},"end":{"line":10,"column":36}},"9":{"start":{"line":11,"column":2},"end":{"line":11,"column":47}},"10":{"start":{"line":16,"column":21},"end":{"line":16,"column":65}},"11":{"start":{"line":17,"column":27},"end":{"line":17,"column":60}},"12":{"start":{"line":18,"column":4},"end":{"line":18,"column":36}},"13":{"start":{"line":19,"column":4},"end":{"line":19,"column":26}},"14":{"start":{"line":23,"column":21},"end":{"line":23,"column":55}},"15":{"start":{"line":24,"column":27},"end":{"line":24,"column":50}},"16":{"start":{"line":25,"column":4},"end":{"line":25,"column":35}},"17":{"start":{"line":26,"column":4},"end":{"line":26,"column":26}},"18":{"start":{"line":30,"column":4},"end":{"line":30,"column":51}},"19":{"start":{"line":30,"column":25},"end":{"line":30,"column":51}},"20":{"start":{"line":32,"column":19},"end":{"line":32,"column":70}},"21":{"start":{"line":33,"column":33},"end":{"line":40,"column":null}},"22":{"start":{"line":34,"column":6},"end":{"line":40,"column":11}},"23":{"start":{"line":36,"column":10},"end":{"line":36,"column":63}},"24":{"start":{"line":38,"column":28},"end":{"line":40,"column":10}},"25":{"start":{"line":43,"column":27},"end":{"line":43,"column":66}},"26":{"start":{"line":45,"column":24},"end":{"line":47,"column":null}},"27":{"start":{"line":46,"column":24},"end":{"line":46,"column":45}},"28":{"start":{"line":50,"column":4},"end":{"line":50,"column":35}},"29":{"start":{"line":52,"column":4},"end":{"line":52,"column":23}},"30":{"start":{"line":56,"column":18},"end":{"line":56,"column":47}},"31":{"start":{"line":57,"column":4},"end":{"line":57,"column":23}},"32":{"start":{"line":57,"column":16},"end":{"line":57,"column":23}},"33":{"start":{"line":59,"column":4},"end":{"line":59,"column":32}},"34":{"start":{"line":66,"column":22},"end":{"line":66,"column":52}},"35":{"start":{"line":67,"column":4},"end":{"line":67,"column":65}},"36":{"start":{"line":67,"column":20},"end":{"line":67,"column":65}},"37":{"start":{"line":69,"column":4},"end":{"line":69,"column":51}},"38":{"start":{"line":69,"column":25},"end":{"line":69,"column":51}},"39":{"start":{"line":71,"column":23},"end":{"line":71,"column":70}},"40":{"start":{"line":72,"column":19},"end":{"line":79,"column":null}},"41":{"start":{"line":82,"column":4},"end":{"line":82,"column":69}},"42":{"start":{"line":82,"column":25},"end":{"line":82,"column":69}},"43":{"start":{"line":8,"column":0},"end":{"line":8,"column":13}}},"fnMap":{"0":{"name":"(anonymous_0)","decl":{"start":{"line":13,"column":2},"end":{"line":13,"column":22}},"loc":{"start":{"line":13,"column":42},"end":{"line":13,"column":46}}},"1":{"name":"(anonymous_1)","decl":{"start":{"line":15,"column":2},"end":{"line":15,"column":7}},"loc":{"start":{"line":15,"column":20},"end":{"line":20,"column":3}}},"2":{"name":"(anonymous_2)","decl":{"start":{"line":22,"column":2},"end":{"line":22,"column":7}},"loc":{"start":{"line":22,"column":19},"end":{"line":27,"column":3}}},"3":{"name":"(anonymous_3)","decl":{"start":{"line":29,"column":2},"end":{"line":29,"column":7}},"loc":{"start":{"line":29,"column":44},"end":{"line":53,"column":3}}},"4":{"name":"(anonymous_4)","decl":{"start":{"line":33,"column":44},"end":{"line":33,"column":45}},"loc":{"start":{"line":34,"column":6},"end":{"line":40,"column":11}}},"5":{"name":"(anonymous_5)","decl":{"start":{"line":35,"column":14},"end":{"line":35,"column":15}},"loc":{"start":{"line":36,"column":10},"end":{"line":36,"column":63}}},"6":{"name":"(anonymous_6)","decl":{"start":{"line":38,"column":14},"end":{"line":38,"column":15}},"loc":{"start":{"line":38,"column":28},"end":{"line":40,"column":10}}},"7":{"name":"(anonymous_7)","decl":{"start":{"line":46,"column":6},"end":{"line":46,"column":7}},"loc":{"start":{"line":46,"column":24},"end":{"line":46,"column":45}}},"8":{"name":"(anonymous_8)","decl":{"start":{"line":55,"column":2},"end":{"line":55,"column":7}},"loc":{"start":{"line":55,"column":25},"end":{"line":60,"column":3}}},"9":{"name":"(anonymous_9)","decl":{"start":{"line":62,"column":2},"end":{"line":62,"column":7}},"loc":{"start":{"line":65,"column":41},"end":{"line":83,"column":3}}}},"branchMap":{"0":{"loc":{"start":{"line":30,"column":4},"end":{"line":30,"column":51}},"type":"if","locations":[{"start":{"line":30,"column":4},"end":{"line":30,"column":51}}]},"1":{"loc":{"start":{"line":57,"column":4},"end":{"line":57,"column":23}},"type":"if","locations":[{"start":{"line":57,"column":4},"end":{"line":57,"column":23}}]},"2":{"loc":{"start":{"line":67,"column":4},"end":{"line":67,"column":65}},"type":"if","locations":[{"start":{"line":67,"column":4},"end":{"line":67,"column":65}}]},"3":{"loc":{"start":{"line":69,"column":4},"end":{"line":69,"column":51}},"type":"if","locations":[{"start":{"line":69,"column":4},"end":{"line":69,"column":51}}]},"4":{"loc":{"start":{"line":82,"column":4},"end":{"line":82,"column":69}},"type":"if","locations":[{"start":{"line":82,"column":4},"end":{"line":82,"column":69}}]}},"s":{"0":6,"1":6,"2":6,"3":6,"4":6,"5":6,"6":15,"7":15,"8":15,"9":15,"10":4,"11":4,"12":4,"13":4,"14":2,"15":2,"16":2,"17":2,"18":4,"19":1,"20":4,"21":4,"22":8,"23":8,"24":8,"25":4,"26":4,"27":8,"28":4,"29":4,"30":7,"31":7,"32":1,"33":6,"34":6,"35":6,"36":1,"37":5,"38":1,"39":5,"40":5,"41":5,"42":1,"43":6},"f":{"0":15,"1":4,"2":2,"3":4,"4":8,"5":8,"6":8,"7":8,"8":7,"9":6},"b":{"0":[1],"1":[1],"2":[1],"3":[1],"4":[1]}}
,"/home/zoruka/fleek/sonic-js/src/integrations/swap-canister/index.ts": {"path":"/home/zoruka/fleek/sonic-js/src/integrations/swap-canister/index.ts","statementMap":{"0":{"start":{"line":1,"column":0},"end":{"line":1,"column":29}},"1":{"start":{"line":2,"column":0},"end":{"line":2,"column":24}}},"fnMap":{},"branchMap":{},"s":{"0":6,"1":6},"f":{},"b":{}}
,"/home/zoruka/fleek/sonic-js/src/integrations/swap-canister/utils.ts": {"path":"/home/zoruka/fleek/sonic-js/src/integrations/swap-canister/utils.ts","statementMap":{"0":{"start":{"line":3,"column":39},"end":{"line":12,"column":1}},"1":{"start":{"line":6,"column":2},"end":{"line":11,"column":9}},"2":{"start":{"line":7,"column":4},"end":{"line":10,"column":6}},"3":{"start":{"line":3,"column":13},"end":{"line":3,"column":39}},"4":{"start":{"line":14,"column":29},"end":{"line":40,"column":1}},"5":{"start":{"line":15,"column":2},"end":{"line":39,"column":22}},"6":{"start":{"line":16,"column":51},"end":{"line":16,"column":55}},"7":{"start":{"line":18,"column":4},"end":{"line":20,"column":null}},"8":{"start":{"line":19,"column":6},"end":{"line":19,"column":18}},"9":{"start":{"line":22,"column":4},"end":{"line":38,"column":6}},"10":{"start":{"line":14,"column":13},"end":{"line":14,"column":29}}},"fnMap":{"0":{"name":"(anonymous_0)","decl":{"start":{"line":3,"column":39},"end":{"line":3,"column":null}},"loc":{"start":{"line":5,"column":24},"end":{"line":12,"column":1}}},"1":{"name":"(anonymous_1)","decl":{"start":{"line":6,"column":25},"end":{"line":6,"column":26}},"loc":{"start":{"line":6,"column":42},"end":{"line":11,"column":3}}},"2":{"name":"(anonymous_2)","decl":{"start":{"line":14,"column":29},"end":{"line":14,"column":30}},"loc":{"start":{"line":14,"column":76},"end":{"line":40,"column":1}}},"3":{"name":"(anonymous_3)","decl":{"start":{"line":15,"column":25},"end":{"line":15,"column":26}},"loc":{"start":{"line":15,"column":40},"end":{"line":39,"column":3}}}},"branchMap":{"0":{"loc":{"start":{"line":18,"column":4},"end":{"line":20,"column":null}},"type":"if","locations":[{"start":{"line":18,"column":4},"end":{"line":20,"column":null}}]},"1":{"loc":{"start":{"line":18,"column":8},"end":{"line":18,"column":56}},"type":"binary-expr","locations":[{"start":{"line":18,"column":8},"end":{"line":18,"column":30}},{"start":{"line":18,"column":34},"end":{"line":18,"column":56}}]}},"s":{"0":6,"1":15,"2":30,"3":6,"4":6,"5":3,"6":3,"7":3,"8":0,"9":3,"10":6},"f":{"0":15,"1":30,"2":3,"3":3},"b":{"0":[0],"1":[3,0]}}
,"/home/zoruka/fleek/sonic-js/src/math/index.ts": {"path":"/home/zoruka/fleek/sonic-js/src/math/index.ts","statementMap":{"0":{"start":{"line":1,"column":0},"end":{"line":1,"column":28}},"1":{"start":{"line":2,"column":0},"end":{"line":2,"column":23}},"2":{"start":{"line":3,"column":0},"end":{"line":3,"column":24}}},"fnMap":{},"branchMap":{},"s":{"0":6,"1":6,"2":6},"f":{},"b":{}}
,"/home/zoruka/fleek/sonic-js/src/math/liquidity.ts": {"path":"/home/zoruka/fleek/sonic-js/src/math/liquidity.ts","statementMap":{"0":{"start":{"line":2,"column":0},"end":{"line":2,"column":37}},"1":{"start":{"line":3,"column":0},"end":{"line":3,"column":69}},"2":{"start":{"line":18,"column":4},"end":{"line":22,"column":18}},"3":{"start":{"line":29,"column":27},"end":{"line":31,"column":null}},"4":{"start":{"line":33,"column":27},"end":{"line":35,"column":null}},"5":{"start":{"line":37,"column":21},"end":{"line":37,"column":49}},"6":{"start":{"line":38,"column":21},"end":{"line":38,"column":49}},"7":{"start":{"line":39,"column":24},"end":{"line":39,"column":55}},"8":{"start":{"line":44,"column":4},"end":{"line":61,"column":null}},"9":{"start":{"line":45,"column":6},"end":{"line":45,"column":31}},"10":{"start":{"line":46,"column":6},"end":{"line":46,"column":31}},"11":{"start":{"line":48,"column":29},"end":{"line":50,"column":28}},"12":{"start":{"line":51,"column":6},"end":{"line":60,"column":null}},"13":{"start":{"line":52,"column":8},"end":{"line":52,"column":33}},"14":{"start":{"line":53,"column":8},"end":{"line":53,"column":33}},"15":{"start":{"line":55,"column":31},"end":{"line":57,"column":30}},"16":{"start":{"line":58,"column":8},"end":{"line":58,"column":33}},"17":{"start":{"line":59,"column":8},"end":{"line":59,"column":33}},"18":{"start":{"line":65,"column":4},"end":{"line":72,"column":null}},"19":{"start":{"line":66,"column":6},"end":{"line":66,"column":78}},"20":{"start":{"line":68,"column":18},"end":{"line":68,"column":58}},"21":{"start":{"line":69,"column":18},"end":{"line":69,"column":58}},"22":{"start":{"line":71,"column":6},"end":{"line":71,"column":35}},"23":{"start":{"line":74,"column":4},"end":{"line":74,"column":20}},"24":{"start":{"line":81,"column":24},"end":{"line":81,"column":55}},"25":{"start":{"line":83,"column":4},"end":{"line":85,"column":null}},"26":{"start":{"line":84,"column":6},"end":{"line":84,"column":30}},"27":{"start":{"line":87,"column":15},"end":{"line":87,"column":42}},"28":{"start":{"line":88,"column":23},"end":{"line":88,"column":57}},"29":{"start":{"line":90,"column":4},"end":{"line":90,"column":22}},"30":{"start":{"line":100,"column":30},"end":{"line":101,"column":null}},"31":{"start":{"line":104,"column":26},"end":{"line":106,"column":12}},"32":{"start":{"line":107,"column":26},"end":{"line":109,"column":12}},"33":{"start":{"line":111,"column":4},"end":{"line":114,"column":6}},"34":{"start":{"line":5,"column":0},"end":{"line":5,"column":13}},"35":{"start":{"line":9,"column":18},"end":{"line":9,"column":53}}},"fnMap":{"0":{"name":"(anonymous_1)","decl":{"start":{"line":14,"column":2},"end":{"line":14,"column":8}},"loc":{"start":{"line":16,"column":34},"end":{"line":23,"column":3}}},"1":{"name":"(anonymous_2)","decl":{"start":{"line":28,"column":2},"end":{"line":28,"column":8}},"loc":{"start":{"line":28,"column":62},"end":{"line":75,"column":3}}},"2":{"name":"(anonymous_3)","decl":{"start":{"line":80,"column":2},"end":{"line":80,"column":8}},"loc":{"start":{"line":80,"column":63},"end":{"line":91,"column":3}}},"3":{"name":"(anonymous_4)","decl":{"start":{"line":96,"column":2},"end":{"line":96,"column":8}},"loc":{"start":{"line":99,"column":37},"end":{"line":115,"column":3}}}},"branchMap":{"0":{"loc":{"start":{"line":44,"column":4},"end":{"line":61,"column":null}},"type":"if","locations":[{"start":{"line":44,"column":4},"end":{"line":61,"column":null}},{"start":{"line":47,"column":11},"end":{"line":61,"column":null}}]},"1":{"loc":{"start":{"line":44,"column":8},"end":{"line":44,"column":46}},"type":"binary-expr","locations":[{"start":{"line":44,"column":8},"end":{"line":44,"column":25}},{"start":{"line":44,"column":29},"end":{"line":44,"column":46}}]},"2":{"loc":{"start":{"line":51,"column":6},"end":{"line":60,"column":null}},"type":"if","locations":[{"start":{"line":51,"column":6},"end":{"line":60,"column":null}},{"start":{"line":54,"column":13},"end":{"line":60,"column":null}}]},"3":{"loc":{"start":{"line":65,"column":4},"end":{"line":72,"column":null}},"type":"if","locations":[{"start":{"line":65,"column":4},"end":{"line":72,"column":null}},{"start":{"line":67,"column":11},"end":{"line":72,"column":null}}]},"4":{"loc":{"start":{"line":83,"column":4},"end":{"line":85,"column":null}},"type":"if","locations":[{"start":{"line":83,"column":4},"end":{"line":85,"column":null}}]}},"s":{"0":6,"1":6,"2":8,"3":8,"4":8,"5":8,"6":8,"7":8,"8":8,"9":2,"10":2,"11":6,"12":6,"13":6,"14":6,"15":0,"16":0,"17":0,"18":8,"19":2,"20":6,"21":6,"22":6,"23":8,"24":6,"25":6,"26":2,"27":4,"28":4,"29":4,"30":4,"31":4,"32":4,"33":4,"34":6,"35":6},"f":{"0":8,"1":8,"2":6,"3":4},"b":{"0":[2,6],"1":[8,2],"2":[6,0],"3":[2,6],"4":[2]}}
,"/home/zoruka/fleek/sonic-js/src/math/price.ts": {"path":"/home/zoruka/fleek/sonic-js/src/math/price.ts","statementMap":{"0":{"start":{"line":2,"column":0},"end":{"line":2,"column":40}},"1":{"start":{"line":9,"column":4},"end":{"line":9,"column":63}},"2":{"start":{"line":9,"column":41},"end":{"line":9,"column":63}},"3":{"start":{"line":11,"column":19},"end":{"line":11,"column":45}},"4":{"start":{"line":12,"column":18},"end":{"line":12,"column":43}},"5":{"start":{"line":14,"column":4},"end":{"line":14,"column":65}},"6":{"start":{"line":14,"column":43},"end":{"line":14,"column":65}},"7":{"start":{"line":16,"column":4},"end":{"line":16,"column":38}},"8":{"start":{"line":4,"column":0},"end":{"line":4,"column":13}}},"fnMap":{"0":{"name":"(anonymous_0)","decl":{"start":{"line":8,"column":2},"end":{"line":8,"column":8}},"loc":{"start":{"line":8,"column":52},"end":{"line":17,"column":3}}}},"branchMap":{"0":{"loc":{"start":{"line":9,"column":4},"end":{"line":9,"column":63}},"type":"if","locations":[{"start":{"line":9,"column":4},"end":{"line":9,"column":63}}]},"1":{"loc":{"start":{"line":9,"column":8},"end":{"line":9,"column":39}},"type":"binary-expr","locations":[{"start":{"line":9,"column":8},"end":{"line":9,"column":22}},{"start":{"line":9,"column":26},"end":{"line":9,"column":39}}]},"2":{"loc":{"start":{"line":14,"column":4},"end":{"line":14,"column":65}},"type":"if","locations":[{"start":{"line":14,"column":4},"end":{"line":14,"column":65}}]},"3":{"loc":{"start":{"line":14,"column":8},"end":{"line":14,"column":41}},"type":"binary-expr","locations":[{"start":{"line":14,"column":8},"end":{"line":14,"column":23}},{"start":{"line":14,"column":27},"end":{"line":14,"column":41}}]}},"s":{"0":6,"1":58,"2":2,"3":56,"4":56,"5":56,"6":10,"7":46,"8":6},"f":{"0":58},"b":{"0":[2],"1":[58,4],"2":[10],"3":[56,50]}}
,"/home/zoruka/fleek/sonic-js/src/math/swap.ts": {"path":"/home/zoruka/fleek/sonic-js/src/math/swap.ts","statementMap":{"0":{"start":{"line":1,"column":0},"end":{"line":1,"column":37}},"1":{"start":{"line":2,"column":0},"end":{"line":2,"column":26}},"2":{"start":{"line":3,"column":0},"end":{"line":3,"column":71}},"3":{"start":{"line":15,"column":21},"end":{"line":15,"column":71}},"4":{"start":{"line":16,"column":22},"end":{"line":16,"column":51}},"5":{"start":{"line":17,"column":23},"end":{"line":17,"column":53}},"6":{"start":{"line":18,"column":16},"end":{"line":18,"column":59}},"7":{"start":{"line":20,"column":4},"end":{"line":20,"column":49}},"8":{"start":{"line":20,"column":27},"end":{"line":20,"column":49}},"9":{"start":{"line":22,"column":28},"end":{"line":22,"column":76}},"10":{"start":{"line":24,"column":22},"end":{"line":24,"column":62}},"11":{"start":{"line":25,"column":24},"end":{"line":25,"column":55}},"12":{"start":{"line":27,"column":4},"end":{"line":27,"column":79}},"13":{"start":{"line":34,"column":21},"end":{"line":34,"column":49}},"14":{"start":{"line":35,"column":22},"end":{"line":35,"column":51}},"15":{"start":{"line":36,"column":20},"end":{"line":36,"column":47}},"16":{"start":{"line":37,"column":21},"end":{"line":37,"column":49}},"17":{"start":{"line":38,"column":4},"end":{"line":48,"column":28}},"18":{"start":{"line":48,"column":6},"end":{"line":48,"column":28}},"19":{"start":{"line":50,"column":23},"end":{"line":53,"column":6}},"20":{"start":{"line":54,"column":22},"end":{"line":57,"column":6}},"21":{"start":{"line":59,"column":24},"end":{"line":62,"column":16}},"22":{"start":{"line":64,"column":4},"end":{"line":64,"column":23}},"23":{"start":{"line":5,"column":0},"end":{"line":5,"column":13}},"24":{"start":{"line":9,"column":18},"end":{"line":9,"column":38}}},"fnMap":{"0":{"name":"(anonymous_1)","decl":{"start":{"line":14,"column":2},"end":{"line":14,"column":8}},"loc":{"start":{"line":14,"column":53},"end":{"line":28,"column":3}}},"1":{"name":"(anonymous_2)","decl":{"start":{"line":33,"column":2},"end":{"line":33,"column":8}},"loc":{"start":{"line":33,"column":57},"end":{"line":65,"column":3}}}},"branchMap":{"0":{"loc":{"start":{"line":18,"column":28},"end":{"line":18,"column":58}},"type":"binary-expr","locations":[{"start":{"line":18,"column":28},"end":{"line":18,"column":38}},{"start":{"line":18,"column":42},"end":{"line":18,"column":58}}]},"1":{"loc":{"start":{"line":20,"column":4},"end":{"line":20,"column":49}},"type":"if","locations":[{"start":{"line":20,"column":4},"end":{"line":20,"column":49}}]},"2":{"loc":{"start":{"line":38,"column":4},"end":{"line":48,"column":28}},"type":"if","locations":[{"start":{"line":38,"column":4},"end":{"line":48,"column":28}}]},"3":{"loc":{"start":{"line":39,"column":6},"end":{"line":46,"column":22}},"type":"binary-expr","locations":[{"start":{"line":39,"column":6},"end":{"line":39,"column":23}},{"start":{"line":40,"column":6},"end":{"line":40,"column":22}},{"start":{"line":41,"column":6},"end":{"line":41,"column":24}},{"start":{"line":42,"column":6},"end":{"line":42,"column":23}},{"start":{"line":43,"column":6},"end":{"line":43,"column":22}},{"start":{"line":44,"column":6},"end":{"line":44,"column":21}},{"start":{"line":45,"column":6},"end":{"line":45,"column":23}},{"start":{"line":46,"column":6},"end":{"line":46,"column":22}}]}},"s":{"0":6,"1":6,"2":6,"3":8,"4":8,"5":8,"6":8,"7":8,"8":2,"9":6,"10":6,"11":6,"12":6,"13":26,"14":26,"15":26,"16":26,"17":26,"18":8,"19":18,"20":18,"21":18,"22":18,"23":6,"24":6},"f":{"0":8,"1":26},"b":{"0":[8,8],"1":[2],"2":[8],"3":[26,24,24,22,22,20,20,18]}}
,"/home/zoruka/fleek/sonic-js/src/utils/format.ts": {"path":"/home/zoruka/fleek/sonic-js/src/utils/format.ts","statementMap":{"0":{"start":{"line":2,"column":0},"end":{"line":2,"column":37}},"1":{"start":{"line":7,"column":27},"end":{"line":9,"column":1}},"2":{"start":{"line":8,"column":2},"end":{"line":8,"column":41}},"3":{"start":{"line":7,"column":13},"end":{"line":7,"column":27}},"4":{"start":{"line":14,"column":27},"end":{"line":16,"column":1}},"5":{"start":{"line":15,"column":2},"end":{"line":15,"column":54}},"6":{"start":{"line":14,"column":13},"end":{"line":14,"column":27}},"7":{"start":{"line":21,"column":29},"end":{"line":26,"column":1}},"8":{"start":{"line":25,"column":2},"end":{"line":25,"column":72}},"9":{"start":{"line":21,"column":13},"end":{"line":21,"column":29}},"10":{"start":{"line":31,"column":30},"end":{"line":36,"column":1}},"11":{"start":{"line":35,"column":2},"end":{"line":35,"column":75}},"12":{"start":{"line":31,"column":13},"end":{"line":31,"column":30}},"13":{"start":{"line":38,"column":24},"end":{"line":40,"column":1}},"14":{"start":{"line":39,"column":2},"end":{"line":39,"column":51}},"15":{"start":{"line":45,"column":28},"end":{"line":66,"column":1}},"16":{"start":{"line":46,"column":38},"end":{"line":46,"column":74}},"17":{"start":{"line":48,"column":2},"end":{"line":50,"column":null}},"18":{"start":{"line":49,"column":4},"end":{"line":49,"column":66}},"19":{"start":{"line":52,"column":20},"end":{"line":52,"column":55}},"20":{"start":{"line":54,"column":2},"end":{"line":65,"column":null}},"21":{"start":{"line":55,"column":4},"end":{"line":57,"column":null}},"22":{"start":{"line":56,"column":6},"end":{"line":56,"column":22}},"23":{"start":{"line":58,"column":4},"end":{"line":58,"column":66}},"24":{"start":{"line":59,"column":9},"end":{"line":65,"column":null}},"25":{"start":{"line":60,"column":4},"end":{"line":60,"column":77}},"26":{"start":{"line":61,"column":9},"end":{"line":65,"column":null}},"27":{"start":{"line":62,"column":4},"end":{"line":62,"column":77}},"28":{"start":{"line":64,"column":4},"end":{"line":64,"column":20}},"29":{"start":{"line":45,"column":13},"end":{"line":45,"column":28}}},"fnMap":{"0":{"name":"(anonymous_1)","decl":{"start":{"line":7,"column":27},"end":{"line":7,"column":28}},"loc":{"start":{"line":7,"column":61},"end":{"line":9,"column":1}}},"1":{"name":"(anonymous_2)","decl":{"start":{"line":14,"column":27},"end":{"line":14,"column":28}},"loc":{"start":{"line":14,"column":65},"end":{"line":16,"column":1}}},"2":{"name":"(anonymous_3)","decl":{"start":{"line":21,"column":29},"end":{"line":21,"column":null}},"loc":{"start":{"line":24,"column":15},"end":{"line":26,"column":1}}},"3":{"name":"(anonymous_4)","decl":{"start":{"line":31,"column":30},"end":{"line":31,"column":null}},"loc":{"start":{"line":34,"column":15},"end":{"line":36,"column":1}}},"4":{"name":"(anonymous_5)","decl":{"start":{"line":38,"column":24},"end":{"line":38,"column":25}},"loc":{"start":{"line":38,"column":48},"end":{"line":40,"column":1}}},"5":{"name":"(anonymous_6)","decl":{"start":{"line":45,"column":28},"end":{"line":45,"column":29}},"loc":{"start":{"line":45,"column":61},"end":{"line":66,"column":1}}}},"branchMap":{"0":{"loc":{"start":{"line":8,"column":30},"end":{"line":8,"column":38}},"type":"binary-expr","locations":[{"start":{"line":8,"column":30},"end":{"line":8,"column":33}},{"start":{"line":8,"column":37},"end":{"line":8,"column":38}}]},"1":{"loc":{"start":{"line":46,"column":9},"end":{"line":46,"column":18}},"type":"default-arg","locations":[{"start":{"line":46,"column":15},"end":{"line":46,"column":18}}]},"2":{"loc":{"start":{"line":46,"column":20},"end":{"line":46,"column":34}},"type":"default-arg","locations":[{"start":{"line":46,"column":31},"end":{"line":46,"column":34}}]},"3":{"loc":{"start":{"line":48,"column":2},"end":{"line":50,"column":null}},"type":"if","locations":[{"start":{"line":48,"column":2},"end":{"line":50,"column":null}}]},"4":{"loc":{"start":{"line":49,"column":30},"end":{"line":49,"column":38}},"type":"binary-expr","locations":[{"start":{"line":49,"column":30},"end":{"line":49,"column":33}},{"start":{"line":49,"column":37},"end":{"line":49,"column":38}}]},"5":{"loc":{"start":{"line":54,"column":2},"end":{"line":65,"column":null}},"type":"if","locations":[{"start":{"line":54,"column":2},"end":{"line":65,"column":null}},{"start":{"line":59,"column":9},"end":{"line":65,"column":null}}]},"6":{"loc":{"start":{"line":55,"column":4},"end":{"line":57,"column":null}},"type":"if","locations":[{"start":{"line":55,"column":4},"end":{"line":57,"column":null}}]},"7":{"loc":{"start":{"line":55,"column":8},"end":{"line":55,"column":36}},"type":"binary-expr","locations":[{"start":{"line":55,"column":8},"end":{"line":55,"column":12}},{"start":{"line":55,"column":16},"end":{"line":55,"column":36}}]},"8":{"loc":{"start":{"line":58,"column":30},"end":{"line":58,"column":38}},"type":"binary-expr","locations":[{"start":{"line":58,"column":30},"end":{"line":58,"column":33}},{"start":{"line":58,"column":37},"end":{"line":58,"column":38}}]},"9":{"loc":{"start":{"line":59,"column":9},"end":{"line":65,"column":null}},"type":"if","locations":[{"start":{"line":59,"column":9},"end":{"line":65,"column":null}},{"start":{"line":61,"column":9},"end":{"line":65,"column":null}}]},"10":{"loc":{"start":{"line":61,"column":9},"end":{"line":65,"column":null}},"type":"if","locations":[{"start":{"line":61,"column":9},"end":{"line":65,"column":null}},{"start":{"line":63,"column":9},"end":{"line":65,"column":null}}]}},"s":{"0":16,"1":16,"2":454,"3":16,"4":16,"5":65,"6":16,"7":16,"8":20,"9":16,"10":16,"11":33,"12":16,"13":16,"14":18,"15":16,"16":26,"17":26,"18":0,"19":26,"20":26,"21":12,"22":6,"23":6,"24":14,"25":6,"26":8,"27":6,"28":2,"29":16},"f":{"0":454,"1":65,"2":20,"3":33,"4":18,"5":26},"b":{"0":[454,44],"1":[0],"2":[20],"3":[0],"4":[0,0],"5":[12,14],"6":[6],"7":[12,6],"8":[6,0],"9":[6,8],"10":[6,2]}}
,"/home/zoruka/fleek/sonic-js/src/utils/index.ts": {"path":"/home/zoruka/fleek/sonic-js/src/utils/index.ts","statementMap":{"0":{"start":{"line":1,"column":0},"end":{"line":1,"column":25}},"1":{"start":{"line":2,"column":0},"end":{"line":2,"column":32}}},"fnMap":{},"branchMap":{},"s":{"0":16,"1":16},"f":{},"b":{}}
,"/home/zoruka/fleek/sonic-js/src/utils/serialization.ts": {"path":"/home/zoruka/fleek/sonic-js/src/utils/serialization.ts","statementMap":{"0":{"start":{"line":5,"column":27},"end":{"line":16,"column":1}},"1":{"start":{"line":6,"column":2},"end":{"line":15,"column":null}},"2":{"start":{"line":7,"column":4},"end":{"line":12,"column":7}},"3":{"start":{"line":8,"column":6},"end":{"line":10,"column":null}},"4":{"start":{"line":9,"column":8},"end":{"line":9,"column":60}},"5":{"start":{"line":11,"column":6},"end":{"line":11,"column":19}},"6":{"start":{"line":14,"column":4},"end":{"line":14,"column":21}},"7":{"start":{"line":5,"column":13},"end":{"line":5,"column":27}},"8":{"start":{"line":22,"column":25},"end":{"line":30,"column":1}},"9":{"start":{"line":23,"column":2},"end":{"line":29,"column":null}},"10":{"start":{"line":24,"column":4},"end":{"line":26,"column":6}},"11":{"start":{"line":25,"column":6},"end":{"line":25,"column":64}},"12":{"start":{"line":28,"column":4},"end":{"line":28,"column":14}},"13":{"start":{"line":22,"column":13},"end":{"line":22,"column":25}}},"fnMap":{"0":{"name":"(anonymous_0)","decl":{"start":{"line":5,"column":27},"end":{"line":5,"column":37}},"loc":{"start":{"line":5,"column":74},"end":{"line":16,"column":1}}},"1":{"name":"(anonymous_1)","decl":{"start":{"line":7,"column":34},"end":{"line":7,"column":35}},"loc":{"start":{"line":7,"column":49},"end":{"line":12,"column":5}}},"2":{"name":"(anonymous_2)","decl":{"start":{"line":22,"column":25},"end":{"line":22,"column":29}},"loc":{"start":{"line":22,"column":48},"end":{"line":30,"column":1}}},"3":{"name":"(anonymous_3)","decl":{"start":{"line":24,"column":32},"end":{"line":24,"column":33}},"loc":{"start":{"line":25,"column":6},"end":{"line":25,"column":64}}}},"branchMap":{"0":{"loc":{"start":{"line":8,"column":6},"end":{"line":10,"column":null}},"type":"if","locations":[{"start":{"line":8,"column":6},"end":{"line":10,"column":null}}]},"1":{"loc":{"start":{"line":8,"column":10},"end":{"line":8,"column":59}},"type":"binary-expr","locations":[{"start":{"line":8,"column":10},"end":{"line":8,"column":35}},{"start":{"line":8,"column":39},"end":{"line":8,"column":59}}]},"2":{"loc":{"start":{"line":25,"column":6},"end":{"line":25,"column":64}},"type":"cond-expr","locations":[{"start":{"line":25,"column":34},"end":{"line":25,"column":56}},{"start":{"line":25,"column":59},"end":{"line":25,"column":64}}]}},"s":{"0":16,"1":4,"2":4,"3":12,"4":4,"5":8,"6":0,"7":16,"8":16,"9":4,"10":4,"11":12,"12":0,"13":16},"f":{"0":4,"1":12,"2":4,"3":12},"b":{"0":[4],"1":[12,6],"2":[4,8]}}
,"/home/zoruka/fleek/sonic-js/tests/mocks/actor.ts": {"path":"/home/zoruka/fleek/sonic-js/tests/mocks/actor.ts","statementMap":{"0":{"start":{"line":4,"column":0},"end":{"line":4,"column":46}},"1":{"start":{"line":5,"column":0},"end":{"line":5,"column":44}},"2":{"start":{"line":6,"column":0},"end":{"line":6,"column":57}},"3":{"start":{"line":8,"column":29},"end":{"line":12,"column":29}},"4":{"start":{"line":9,"column":3},"end":{"line":12,"column":29}},"5":{"start":{"line":10,"column":39},"end":{"line":10,"column":71}},"6":{"start":{"line":11,"column":29},"end":{"line":11,"column":51}},"7":{"start":{"line":8,"column":13},"end":{"line":8,"column":29}},"8":{"start":{"line":14,"column":30},"end":{"line":18,"column":30}},"9":{"start":{"line":15,"column":3},"end":{"line":18,"column":30}},"10":{"start":{"line":16,"column":27},"end":{"line":16,"column":38}},"11":{"start":{"line":17,"column":60},"end":{"line":17,"column":77}},"12":{"start":{"line":14,"column":13},"end":{"line":14,"column":30}},"13":{"start":{"line":20,"column":25},"end":{"line":23,"column":25}},"14":{"start":{"line":21,"column":3},"end":{"line":23,"column":25}},"15":{"start":{"line":22,"column":30},"end":{"line":22,"column":45}},"16":{"start":{"line":20,"column":13},"end":{"line":20,"column":25}}},"fnMap":{"0":{"name":"(anonymous_0)","decl":{"start":{"line":8,"column":29},"end":{"line":8,"column":43}},"loc":{"start":{"line":9,"column":3},"end":{"line":12,"column":29}}},"1":{"name":"(anonymous_1)","decl":{"start":{"line":10,"column":27},"end":{"line":10,"column":32}},"loc":{"start":{"line":10,"column":39},"end":{"line":10,"column":71}}},"2":{"name":"(anonymous_2)","decl":{"start":{"line":11,"column":17},"end":{"line":11,"column":22}},"loc":{"start":{"line":11,"column":29},"end":{"line":11,"column":51}}},"3":{"name":"(anonymous_3)","decl":{"start":{"line":14,"column":30},"end":{"line":14,"column":45}},"loc":{"start":{"line":15,"column":3},"end":{"line":18,"column":30}}},"4":{"name":"(anonymous_4)","decl":{"start":{"line":16,"column":15},"end":{"line":16,"column":20}},"loc":{"start":{"line":16,"column":27},"end":{"line":16,"column":38}}},"5":{"name":"(anonymous_5)","decl":{"start":{"line":17,"column":13},"end":{"line":17,"column":18}},"loc":{"start":{"line":17,"column":60},"end":{"line":17,"column":77}}},"6":{"name":"(anonymous_6)","decl":{"start":{"line":20,"column":25},"end":{"line":20,"column":35}},"loc":{"start":{"line":21,"column":3},"end":{"line":23,"column":25}}},"7":{"name":"(anonymous_7)","decl":{"start":{"line":22,"column":18},"end":{"line":22,"column":23}},"loc":{"start":{"line":22,"column":30},"end":{"line":22,"column":45}}}},"branchMap":{},"s":{"0":1,"1":1,"2":1,"3":1,"4":15,"5":4,"6":2,"7":1,"8":1,"9":11,"10":8,"11":3,"12":1,"13":1,"14":6,"15":6,"16":1},"f":{"0":15,"1":4,"2":2,"3":11,"4":8,"5":3,"6":6,"7":6},"b":{}}
,"/home/zoruka/fleek/sonic-js/tests/mocks/pair.ts": {"path":"/home/zoruka/fleek/sonic-js/tests/mocks/pair.ts","statementMap":{"0":{"start":{"line":2,"column":0},"end":{"line":2,"column":47}},"1":{"start":{"line":4,"column":24},"end":{"line":40,"column":1}},"2":{"start":{"line":18,"column":2},"end":{"line":39,"column":4}},"3":{"start":{"line":4,"column":13},"end":{"line":4,"column":24}},"4":{"start":{"line":42,"column":36},"end":{"line":61,"column":2}},"5":{"start":{"line":42,"column":65},"end":{"line":61,"column":2}},"6":{"start":{"line":42,"column":13},"end":{"line":42,"column":36}}},"fnMap":{"0":{"name":"(anonymous_0)","decl":{"start":{"line":4,"column":24},"end":{"line":4,"column":25}},"loc":{"start":{"line":17,"column":43},"end":{"line":40,"column":1}}},"1":{"name":"(anonymous_1)","decl":{"start":{"line":42,"column":36},"end":{"line":42,"column":62}},"loc":{"start":{"line":42,"column":65},"end":{"line":61,"column":2}}}},"branchMap":{"0":{"loc":{"start":{"line":4,"column":25},"end":{"line":17,"column":27}},"type":"default-arg","locations":[{"start":{"line":17,"column":25},"end":{"line":17,"column":27}}]},"1":{"loc":{"start":{"line":19,"column":8},"end":{"line":19,"column":29}},"type":"binary-expr","locations":[{"start":{"line":19,"column":8},"end":{"line":19,"column":10}},{"start":{"line":19,"column":14},"end":{"line":19,"column":29}}]},"2":{"loc":{"start":{"line":21,"column":6},"end":{"line":21,"column":76}},"type":"binary-expr","locations":[{"start":{"line":21,"column":6},"end":{"line":21,"column":26}},{"start":{"line":21,"column":30},"end":{"line":21,"column":76}}]},"3":{"loc":{"start":{"line":23,"column":6},"end":{"line":25,"column":null}},"type":"binary-expr","locations":[{"start":{"line":23,"column":6},"end":{"line":23,"column":13}},{"start":{"line":24,"column":6},"end":{"line":25,"column":null}}]},"4":{"loc":{"start":{"line":27,"column":14},"end":{"line":27,"column":54}},"type":"binary-expr","locations":[{"start":{"line":27,"column":14},"end":{"line":27,"column":22}},{"start":{"line":27,"column":26},"end":{"line":27,"column":54}}]},"5":{"loc":{"start":{"line":28,"column":14},"end":{"line":28,"column":49}},"type":"binary-expr","locations":[{"start":{"line":28,"column":14},"end":{"line":28,"column":22}},{"start":{"line":28,"column":26},"end":{"line":28,"column":49}}]},"6":{"loc":{"start":{"line":30,"column":6},"end":{"line":30,"column":74}},"type":"binary-expr","locations":[{"start":{"line":30,"column":6},"end":{"line":30,"column":13}},{"start":{"line":30,"column":17},"end":{"line":30,"column":74}}]},"7":{"loc":{"start":{"line":31,"column":17},"end":{"line":31,"column":57}},"type":"binary-expr","locations":[{"start":{"line":31,"column":17},"end":{"line":31,"column":28}},{"start":{"line":31,"column":32},"end":{"line":31,"column":57}}]},"8":{"loc":{"start":{"line":32,"column":12},"end":{"line":32,"column":51}},"type":"binary-expr","locations":[{"start":{"line":32,"column":12},"end":{"line":32,"column":18}},{"start":{"line":32,"column":22},"end":{"line":32,"column":51}}]},"9":{"loc":{"start":{"line":33,"column":12},"end":{"line":33,"column":51}},"type":"binary-expr","locations":[{"start":{"line":33,"column":12},"end":{"line":33,"column":18}},{"start":{"line":33,"column":22},"end":{"line":33,"column":51}}]},"10":{"loc":{"start":{"line":35,"column":6},"end":{"line":36,"column":62}},"type":"binary-expr","locations":[{"start":{"line":35,"column":6},"end":{"line":35,"column":26}},{"start":{"line":36,"column":6},"end":{"line":36,"column":62}}]},"11":{"loc":{"start":{"line":37,"column":11},"end":{"line":37,"column":31}},"type":"binary-expr","locations":[{"start":{"line":37,"column":11},"end":{"line":37,"column":16}},{"start":{"line":37,"column":20},"end":{"line":37,"column":31}}]},"12":{"loc":{"start":{"line":38,"column":24},"end":{"line":38,"column":75}},"type":"binary-expr","locations":[{"start":{"line":38,"column":24},"end":{"line":38,"column":42}},{"start":{"line":38,"column":46},"end":{"line":38,"column":75}}]}},"s":{"0":3,"1":3,"2":2,"3":3,"4":3,"5":4,"6":3},"f":{"0":2,"1":4},"b":{"0":[0],"1":[2,2],"2":[2,2],"3":[2,2],"4":[2,0],"5":[2,0],"6":[2,2],"7":[2,0],"8":[2,2],"9":[2,2],"10":[2,2],"11":[2,2],"12":[2,2]}}
,"/home/zoruka/fleek/sonic-js/tests/mocks/principal.ts": {"path":"/home/zoruka/fleek/sonic-js/tests/mocks/principal.ts","statementMap":{"0":{"start":{"line":1,"column":0},"end":{"line":1,"column":47}},"1":{"start":{"line":3,"column":31},"end":{"line":4,"column":67}},"2":{"start":{"line":4,"column":2},"end":{"line":4,"column":67}},"3":{"start":{"line":3,"column":13},"end":{"line":3,"column":31}},"4":{"start":{"line":6,"column":29},"end":{"line":7,"column":39}},"5":{"start":{"line":7,"column":2},"end":{"line":7,"column":39}},"6":{"start":{"line":6,"column":13},"end":{"line":6,"column":29}}},"fnMap":{"0":{"name":"(anonymous_0)","decl":{"start":{"line":3,"column":31},"end":{"line":3,"column":42}},"loc":{"start":{"line":4,"column":2},"end":{"line":4,"column":67}}},"1":{"name":"(anonymous_1)","decl":{"start":{"line":6,"column":29},"end":{"line":6,"column":43}},"loc":{"start":{"line":7,"column":2},"end":{"line":7,"column":39}}}},"branchMap":{},"s":{"0":1,"1":1,"2":11,"3":1,"4":1,"5":7,"6":1},"f":{"0":11,"1":7},"b":{}}
,"/home/zoruka/fleek/sonic-js/tests/mocks/token.ts": {"path":"/home/zoruka/fleek/sonic-js/tests/mocks/token.ts","statementMap":{"0":{"start":{"line":2,"column":0},"end":{"line":2,"column":55}},"1":{"start":{"line":4,"column":25},"end":{"line":18,"column":2}},"2":{"start":{"line":11,"column":60},"end":{"line":18,"column":2}},"3":{"start":{"line":4,"column":13},"end":{"line":4,"column":25}},"4":{"start":{"line":20,"column":46},"end":{"line":37,"column":2}},"5":{"start":{"line":20,"column":76},"end":{"line":37,"column":2}},"6":{"start":{"line":20,"column":13},"end":{"line":20,"column":46}},"7":{"start":{"line":39,"column":29},"end":{"line":40,"column":59}},"8":{"start":{"line":40,"column":2},"end":{"line":40,"column":59}},"9":{"start":{"line":39,"column":13},"end":{"line":39,"column":29}},"10":{"start":{"line":42,"column":27},"end":{"line":42,"column":70}},"11":{"start":{"line":42,"column":41},"end":{"line":42,"column":70}},"12":{"start":{"line":42,"column":13},"end":{"line":42,"column":27}}},"fnMap":{"0":{"name":"(anonymous_0)","decl":{"start":{"line":4,"column":25},"end":{"line":4,"column":26}},"loc":{"start":{"line":11,"column":60},"end":{"line":18,"column":2}}},"1":{"name":"(anonymous_1)","decl":{"start":{"line":20,"column":46},"end":{"line":20,"column":73}},"loc":{"start":{"line":20,"column":76},"end":{"line":37,"column":2}}},"2":{"name":"(anonymous_2)","decl":{"start":{"line":39,"column":29},"end":{"line":39,"column":52}},"loc":{"start":{"line":40,"column":2},"end":{"line":40,"column":59}}},"3":{"name":"(anonymous_3)","decl":{"start":{"line":42,"column":27},"end":{"line":42,"column":38}},"loc":{"start":{"line":42,"column":41},"end":{"line":42,"column":70}}}},"branchMap":{"0":{"loc":{"start":{"line":12,"column":12},"end":{"line":12,"column":26}},"type":"binary-expr","locations":[{"start":{"line":12,"column":12},"end":{"line":12,"column":20}},{"start":{"line":12,"column":24},"end":{"line":12,"column":26}}]},"1":{"loc":{"start":{"line":13,"column":7},"end":{"line":13,"column":34}},"type":"binary-expr","locations":[{"start":{"line":13,"column":7},"end":{"line":13,"column":10}},{"start":{"line":13,"column":14},"end":{"line":13,"column":34}}]},"2":{"loc":{"start":{"line":14,"column":6},"end":{"line":14,"column":41}},"type":"binary-expr","locations":[{"start":{"line":14,"column":6},"end":{"line":14,"column":8}},{"start":{"line":14,"column":12},"end":{"line":14,"column":41}}]},"3":{"loc":{"start":{"line":15,"column":8},"end":{"line":15,"column":24}},"type":"binary-expr","locations":[{"start":{"line":15,"column":8},"end":{"line":15,"column":12}},{"start":{"line":15,"column":16},"end":{"line":15,"column":24}}]},"4":{"loc":{"start":{"line":16,"column":10},"end":{"line":16,"column":25}},"type":"binary-expr","locations":[{"start":{"line":16,"column":10},"end":{"line":16,"column":16}},{"start":{"line":16,"column":20},"end":{"line":16,"column":25}}]},"5":{"loc":{"start":{"line":17,"column":15},"end":{"line":17,"column":58}},"type":"binary-expr","locations":[{"start":{"line":17,"column":15},"end":{"line":17,"column":26}},{"start":{"line":17,"column":30},"end":{"line":17,"column":58}}]}},"s":{"0":2,"1":2,"2":0,"3":2,"4":2,"5":16,"6":2,"7":2,"8":10,"9":2,"10":2,"11":1,"12":2},"f":{"0":0,"1":16,"2":10,"3":1},"b":{"0":[0,0],"1":[0,0],"2":[0,0],"3":[0,0],"4":[0,0],"5":[0,0]}}
}
