TN:
SF:dist/tests/mocks/pair.js
FN:5,(anonymous_0)
FNF:1
FNH:1
FNDA:2,(anonymous_0)
DA:2,1
DA:3,1
DA:4,1
DA:5,1
DA:6,2
DA:23,1
LF:6
LH:6
BRDA:5,0,0,0
BRDA:7,1,0,2
BRDA:7,1,1,2
BRDA:8,2,0,2
BRDA:8,2,1,2
BRDA:9,3,0,2
BRDA:9,3,1,2
BRDA:11,4,0,2
BRDA:11,4,1,0
BRDA:12,5,0,2
BRDA:12,5,1,0
BRDA:13,6,0,2
BRDA:13,6,1,2
BRDA:14,7,0,2
BRDA:14,7,1,0
BRDA:15,8,0,2
BRDA:15,8,1,2
BRDA:16,9,0,2
BRDA:16,9,1,2
BRDA:17,10,0,2
BRDA:17,10,1,2
BRDA:19,11,0,2
BRDA:19,11,1,2
BRDA:20,12,0,2
BRDA:20,12,1,2
BRF:25
BRH:21
end_of_record
TN:
SF:src/index.ts
FNF:0
FNH:0
DA:1,6
DA:3,6
DA:5,6
DA:6,6
DA:7,6
LF:5
LH:5
BRF:0
BRH:0
end_of_record
TN:
SF:src/declarations/default.ts
FNF:0
FNH:0
DA:1,13
LF:1
LH:1
BRF:0
BRH:0
end_of_record
TN:
SF:src/declarations/index.ts
FNF:0
FNH:0
DA:1,13
DA:2,13
DA:3,13
DA:4,13
DA:5,13
LF:5
LH:5
BRF:0
BRH:0
end_of_record
TN:
SF:src/declarations/did/index.ts
FNF:0
FNH:0
DA:1,13
DA:2,13
LF:2
LH:2
BRF:0
BRH:0
end_of_record
TN:
SF:src/declarations/did/swap.ts
FN:5,(anonymous_0)
FNF:1
FNH:1
FNDA:4,(anonymous_0)
DA:4,13
DA:5,13
DA:6,4
DA:7,4
DA:8,4
DA:22,4
DA:30,4
DA:37,4
DA:41,4
DA:45,4
DA:195,4
LF:11
LH:11
BRF:0
BRH:0
end_of_record
TN:
SF:src/declarations/did/token.ts
FN:5,(anonymous_0)
FNF:1
FNH:1
FNDA:1,(anonymous_0)
DA:4,13
DA:5,13
DA:6,1
DA:17,1
DA:18,1
DA:27,1
DA:35,1
LF:7
LH:7
BRF:0
BRH:0
end_of_record
TN:
SF:src/integrations/index.ts
FNF:0
FNH:0
DA:1,6
DA:2,6
LF:2
LH:2
BRF:0
BRH:0
end_of_record
TN:
SF:src/integrations/actor/adapter.ts
FN:13,(anonymous_1)
FN:24,(anonymous_2)
FN:56,(anonymous_3)
FNF:3
FNH:2
FNDA:7,(anonymous_1)
FNDA:5,(anonymous_2)
FNDA:0,(anonymous_3)
DA:1,6
DA:2,6
DA:4,6
DA:10,6
DA:11,6
DA:14,7
DA:15,7
DA:28,5
DA:29,0
DA:34,5
DA:35,5
DA:37,5
DA:42,0
DA:43,0
DA:49,5
DA:50,5
DA:57,0
DA:58,0
LF:18
LH:13
BRDA:15,0,0,7
BRDA:28,1,0,0
BRDA:34,2,0,5
BRDA:34,2,1,0
BRDA:57,3,0,0
BRDA:57,4,0,0
BRDA:57,4,1,0
BRDA:57,5,0,0
BRDA:57,5,1,0
BRDA:57,6,0,0
BRDA:57,6,1,0
BRDA:59,7,0,0
BRDA:59,7,1,0
BRDA:59,8,0,0
BRDA:59,8,1,0
BRF:15
BRH:2
end_of_record
TN:
SF:src/integrations/actor/factory.ts
FN:16,(anonymous_0)
FN:34,(anonymous_1)
FNF:2
FNH:2
FNDA:2,(anonymous_0)
FNDA:1,(anonymous_1)
DA:1,6
DA:3,6
DA:16,6
DA:20,2
DA:34,6
DA:38,1
LF:6
LH:6
BRDA:16,0,0,2
BRDA:17,1,0,2
BRDA:18,2,0,2
BRDA:36,3,0,1
BRF:4
BRH:4
end_of_record
TN:
SF:src/integrations/actor/index.ts
FNF:0
FNH:0
DA:1,6
DA:2,6
LF:2
LH:2
BRF:0
BRH:0
end_of_record
TN:
SF:src/integrations/swap-canister/controller.ts
FN:13,(anonymous_0)
FN:15,(anonymous_1)
FN:22,(anonymous_2)
FN:29,(anonymous_3)
FN:33,(anonymous_4)
FN:35,(anonymous_5)
FN:38,(anonymous_6)
FN:46,(anonymous_7)
FN:55,(anonymous_8)
FN:62,(anonymous_9)
FNF:10
FNH:10
FNDA:15,(anonymous_0)
FNDA:4,(anonymous_1)
FNDA:2,(anonymous_2)
FNDA:4,(anonymous_3)
FNDA:8,(anonymous_4)
FNDA:8,(anonymous_5)
FNDA:8,(anonymous_6)
FNDA:8,(anonymous_7)
FNDA:7,(anonymous_8)
FNDA:6,(anonymous_9)
DA:1,6
DA:2,6
DA:3,6
DA:4,6
DA:5,6
DA:6,6
DA:8,6
DA:9,15
DA:10,15
DA:11,15
DA:13,15
DA:16,4
DA:17,4
DA:18,4
DA:19,4
DA:23,2
DA:24,2
DA:25,2
DA:26,2
DA:30,4
DA:32,4
DA:33,4
DA:34,8
DA:36,8
DA:38,8
DA:43,4
DA:45,4
DA:46,8
DA:50,4
DA:52,4
DA:56,7
DA:57,7
DA:59,6
DA:66,6
DA:67,6
DA:69,5
DA:71,5
DA:72,5
DA:82,5
LF:39
LH:39
BRDA:30,0,0,1
BRDA:57,1,0,1
BRDA:67,2,0,1
BRDA:69,3,0,1
BRDA:82,4,0,1
BRF:5
BRH:5
end_of_record
TN:
SF:src/integrations/swap-canister/index.ts
FNF:0
FNH:0
DA:1,6
DA:2,6
LF:2
LH:2
BRF:0
BRH:0
end_of_record
TN:
SF:src/integrations/swap-canister/utils.ts
FN:3,(anonymous_0)
FN:6,(anonymous_1)
FN:14,(anonymous_2)
FN:15,(anonymous_3)
FNF:4
FNH:4
FNDA:15,(anonymous_0)
FNDA:30,(anonymous_1)
FNDA:3,(anonymous_2)
FNDA:3,(anonymous_3)
DA:3,6
DA:6,15
DA:7,30
DA:14,6
DA:15,3
DA:16,3
DA:18,3
DA:19,0
DA:22,3
LF:9
LH:8
BRDA:18,0,0,0
BRDA:18,1,0,3
BRDA:18,1,1,0
BRF:3
BRH:1
end_of_record
TN:
SF:src/math/index.ts
FNF:0
FNH:0
DA:1,6
DA:2,6
DA:3,6
LF:3
LH:3
BRF:0
BRH:0
end_of_record
TN:
SF:src/math/liquidity.ts
FN:14,(anonymous_1)
FN:28,(anonymous_2)
FN:80,(anonymous_3)
FN:96,(anonymous_4)
FNF:4
FNH:4
FNDA:8,(anonymous_1)
FNDA:8,(anonymous_2)
FNDA:6,(anonymous_3)
FNDA:4,(anonymous_4)
DA:2,6
DA:3,6
DA:5,6
DA:9,6
DA:18,8
DA:29,8
DA:33,8
DA:37,8
DA:38,8
DA:39,8
DA:44,8
DA:45,2
DA:46,2
DA:48,6
DA:51,6
DA:52,6
DA:53,6
DA:55,0
DA:58,0
DA:59,0
DA:65,8
DA:66,2
DA:68,6
DA:69,6
DA:71,6
DA:74,8
DA:81,6
DA:83,6
DA:84,2
DA:87,4
DA:88,4
DA:90,4
DA:100,4
DA:104,4
DA:107,4
DA:111,4
LF:36
LH:33
BRDA:44,0,0,2
BRDA:44,0,1,6
BRDA:44,1,0,8
BRDA:44,1,1,2
BRDA:51,2,0,6
BRDA:51,2,1,0
BRDA:65,3,0,2
BRDA:65,3,1,6
BRDA:83,4,0,2
BRF:9
BRH:8
end_of_record
TN:
SF:src/math/price.ts
FN:8,(anonymous_0)
FNF:1
FNH:1
FNDA:58,(anonymous_0)
DA:2,6
DA:4,6
DA:9,58
DA:11,56
DA:12,56
DA:14,56
DA:16,46
LF:7
LH:7
BRDA:9,0,0,2
BRDA:9,1,0,58
BRDA:9,1,1,4
BRDA:14,2,0,10
BRDA:14,3,0,56
BRDA:14,3,1,50
BRF:6
BRH:6
end_of_record
TN:
SF:src/math/swap.ts
FN:14,(anonymous_1)
FN:33,(anonymous_2)
FNF:2
FNH:2
FNDA:8,(anonymous_1)
FNDA:26,(anonymous_2)
DA:1,6
DA:2,6
DA:3,6
DA:5,6
DA:9,6
DA:15,8
DA:16,8
DA:17,8
DA:18,8
DA:20,8
DA:22,6
DA:24,6
DA:25,6
DA:27,6
DA:34,26
DA:35,26
DA:36,26
DA:37,26
DA:38,26
DA:48,8
DA:50,18
DA:54,18
DA:59,18
DA:64,18
LF:24
LH:24
BRDA:18,0,0,8
BRDA:18,0,1,8
BRDA:20,1,0,2
BRDA:38,2,0,8
BRDA:39,3,0,26
BRDA:39,3,1,24
BRDA:39,3,2,24
BRDA:39,3,3,22
BRDA:39,3,4,22
BRDA:39,3,5,20
BRDA:39,3,6,20
BRDA:39,3,7,18
BRF:12
BRH:12
end_of_record
TN:
SF:src/utils/format.ts
FN:7,(anonymous_1)
FN:14,(anonymous_2)
FN:21,(anonymous_3)
FN:31,(anonymous_4)
FN:38,(anonymous_5)
FN:45,(anonymous_6)
FNF:6
FNH:6
FNDA:454,(anonymous_1)
FNDA:65,(anonymous_2)
FNDA:20,(anonymous_3)
FNDA:33,(anonymous_4)
FNDA:18,(anonymous_5)
FNDA:26,(anonymous_6)
DA:2,16
DA:7,16
DA:8,454
DA:14,16
DA:15,65
DA:21,16
DA:25,20
DA:31,16
DA:35,33
DA:38,16
DA:39,18
DA:45,16
DA:46,26
DA:48,26
DA:49,0
DA:52,26
DA:54,26
DA:55,12
DA:56,6
DA:58,6
DA:59,14
DA:60,6
DA:61,8
DA:62,6
DA:64,2
LF:25
LH:24
BRDA:8,0,0,454
BRDA:8,0,1,44
BRDA:46,1,0,0
BRDA:46,2,0,20
BRDA:48,3,0,0
BRDA:49,4,0,0
BRDA:49,4,1,0
BRDA:54,5,0,12
BRDA:54,5,1,14
BRDA:55,6,0,6
BRDA:55,7,0,12
BRDA:55,7,1,6
BRDA:58,8,0,6
BRDA:58,8,1,0
BRDA:59,9,0,6
BRDA:59,9,1,8
BRDA:61,10,0,6
BRDA:61,10,1,2
BRF:18
BRH:13
end_of_record
TN:
SF:src/utils/index.ts
FNF:0
FNH:0
DA:1,16
DA:2,16
LF:2
LH:2
BRF:0
BRH:0
end_of_record
TN:
SF:src/utils/serialization.ts
FN:5,(anonymous_0)
FN:7,(anonymous_1)
FN:22,(anonymous_2)
FN:24,(anonymous_3)
FNF:4
FNH:4
FNDA:4,(anonymous_0)
FNDA:12,(anonymous_1)
FNDA:4,(anonymous_2)
FNDA:12,(anonymous_3)
DA:5,16
DA:6,4
DA:7,4
DA:8,12
DA:9,4
DA:11,8
DA:14,0
DA:22,16
DA:23,4
DA:24,4
DA:25,12
DA:28,0
LF:12
LH:10
BRDA:8,0,0,4
BRDA:8,1,0,12
BRDA:8,1,1,6
BRDA:25,2,0,4
BRDA:25,2,1,8
BRF:5
BRH:5
end_of_record
TN:
SF:tests/mocks/actor.ts
FN:8,(anonymous_0)
FN:10,(anonymous_1)
FN:11,(anonymous_2)
FN:14,(anonymous_3)
FN:16,(anonymous_4)
FN:17,(anonymous_5)
FN:20,(anonymous_6)
FN:22,(anonymous_7)
FNF:8
FNH:8
FNDA:15,(anonymous_0)
FNDA:4,(anonymous_1)
FNDA:2,(anonymous_2)
FNDA:11,(anonymous_3)
FNDA:8,(anonymous_4)
FNDA:3,(anonymous_5)
FNDA:6,(anonymous_6)
FNDA:6,(anonymous_7)
DA:4,1
DA:5,1
DA:6,1
DA:8,1
DA:9,15
DA:10,4
DA:11,2
DA:14,1
DA:15,11
DA:16,8
DA:17,3
DA:20,1
DA:21,6
DA:22,6
LF:14
LH:14
BRF:0
BRH:0
end_of_record
TN:
SF:tests/mocks/pair.ts
FN:4,(anonymous_0)
FN:42,(anonymous_1)
FNF:2
FNH:2
FNDA:2,(anonymous_0)
FNDA:4,(anonymous_1)
DA:2,3
DA:4,3
DA:18,2
DA:42,4
LF:4
LH:4
BRDA:4,0,0,0
BRDA:19,1,0,2
BRDA:19,1,1,2
BRDA:21,2,0,2
BRDA:21,2,1,2
BRDA:23,3,0,2
BRDA:23,3,1,2
BRDA:27,4,0,2
BRDA:27,4,1,0
BRDA:28,5,0,2
BRDA:28,5,1,0
BRDA:30,6,0,2
BRDA:30,6,1,2
BRDA:31,7,0,2
BRDA:31,7,1,0
BRDA:32,8,0,2
BRDA:32,8,1,2
BRDA:33,9,0,2
BRDA:33,9,1,2
BRDA:35,10,0,2
BRDA:35,10,1,2
BRDA:37,11,0,2
BRDA:37,11,1,2
BRDA:38,12,0,2
BRDA:38,12,1,2
BRF:25
BRH:21
end_of_record
TN:
SF:tests/mocks/principal.ts
FN:3,(anonymous_0)
FN:6,(anonymous_1)
FNF:2
FNH:2
FNDA:11,(anonymous_0)
FNDA:7,(anonymous_1)
DA:1,1
DA:3,1
DA:4,11
DA:6,1
DA:7,7
LF:5
LH:5
BRF:0
BRH:0
end_of_record
TN:
SF:tests/mocks/token.ts
FN:4,(anonymous_0)
FN:20,(anonymous_1)
FN:39,(anonymous_2)
FN:42,(anonymous_3)
FNF:4
FNH:3
FNDA:0,(anonymous_0)
FNDA:16,(anonymous_1)
FNDA:10,(anonymous_2)
FNDA:1,(anonymous_3)
DA:2,2
DA:4,2
DA:11,0
DA:20,16
DA:39,2
DA:40,10
DA:42,2
LF:7
LH:6
BRDA:12,0,0,0
BRDA:12,0,1,0
BRDA:13,1,0,0
BRDA:13,1,1,0
BRDA:14,2,0,0
BRDA:14,2,1,0
BRDA:15,3,0,0
BRDA:15,3,1,0
BRDA:16,4,0,0
BRDA:16,4,1,0
BRDA:17,5,0,0
BRDA:17,5,1,0
BRF:12
BRH:0
end_of_record
